<?xml version="1.0" encoding="UTF-8"?><testsuite errors="1" failures="0" name="Realizar registro en la pagina de practica de automatizacion" skipped="0" tests="1" time="15.16" timestamp="2020-06-30 01:44:22"><testcase name="registrarse en la pagina exitosamente"><error message="Superclass has no null constructors but no arguments were given" type="java.lang.IllegalArgumentException">Superclass has no null constructors but no arguments were given</error><system-err>Superclass has no null constructors but no arguments were given&#13;
tasks.DiligenciarFormulario.conLaInformacion(DiligenciarFormulario.java:22)&#13;
com.example.stepdefinitions.EjercicioStepDefinition.carlosSeRegistraConLaSiguienteInformacion(EjercicioStepDefinition.java:35)&#13;
✽.Carlos se registra con la siguiente informacion(src/test/resources/features/bancolombia.feature:8)&#13;
</system-err></testcase></testsuite>